{"name":"Test03 - Verify New Account","status":"failed","statusDetails":{"known":false,"muted":false,"flaky":false,"message":"please enter a valid accountjava.lang.ArrayIndexOutOfBoundsException: -1","trace":"java.lang.AssertionError: please enter a valid accountjava.lang.ArrayIndexOutOfBoundsException: -1\r\n\tat org.testng.AssertJUnit.fail(AssertJUnit.java:47)\r\n\tat sanity.ParaBankWeb.test03_verifyNewAccount(ParaBankWeb.java:45)\r\n\tat sun.reflect.NativeMethodAccessorImpl.invoke0(Native Method)\r\n\tat sun.reflect.NativeMethodAccessorImpl.invoke(NativeMethodAccessorImpl.java:62)\r\n\tat sun.reflect.DelegatingMethodAccessorImpl.invoke(DelegatingMethodAccessorImpl.java:43)\r\n\tat java.lang.reflect.Method.invoke(Method.java:498)\r\n\tat org.testng.internal.MethodInvocationHelper.invokeMethod(MethodInvocationHelper.java:133)\r\n\tat org.testng.internal.TestInvoker.invokeMethod(TestInvoker.java:584)\r\n\tat org.testng.internal.TestInvoker.invokeTestMethod(TestInvoker.java:172)\r\n\tat org.testng.internal.MethodRunner.runInSequence(MethodRunner.java:46)\r\n\tat org.testng.internal.TestInvoker$MethodInvocationAgent.invoke(TestInvoker.java:804)\r\n\tat org.testng.internal.TestInvoker.invokeTestMethods(TestInvoker.java:145)\r\n\tat org.testng.internal.TestMethodWorker.invokeTestMethods(TestMethodWorker.java:146)\r\n\tat org.testng.internal.TestMethodWorker.run(TestMethodWorker.java:128)\r\n\tat java.util.ArrayList.forEach(ArrayList.java:1257)\r\n\tat org.testng.TestRunner.privateRun(TestRunner.java:770)\r\n\tat org.testng.TestRunner.run(TestRunner.java:591)\r\n\tat org.testng.SuiteRunner.runTest(SuiteRunner.java:402)\r\n\tat org.testng.SuiteRunner.runSequentially(SuiteRunner.java:396)\r\n\tat org.testng.SuiteRunner.privateRun(SuiteRunner.java:355)\r\n\tat org.testng.SuiteRunner.run(SuiteRunner.java:304)\r\n\tat org.testng.SuiteRunnerWorker.runSuite(SuiteRunnerWorker.java:53)\r\n\tat org.testng.SuiteRunnerWorker.run(SuiteRunnerWorker.java:96)\r\n\tat org.testng.TestNG.runSuitesSequentially(TestNG.java:1180)\r\n\tat org.testng.TestNG.runSuitesLocally(TestNG.java:1102)\r\n\tat org.testng.TestNG.runSuites(TestNG.java:1032)\r\n\tat org.testng.TestNG.run(TestNG.java:1000)\r\n\tat com.intellij.rt.testng.IDEARemoteTestNG.run(IDEARemoteTestNG.java:66)\r\n\tat com.intellij.rt.testng.RemoteTestNGStarter.main(RemoteTestNGStarter.java:109)\r\n"},"stage":"finished","description":"This Test verifies if new account has been added","steps":[{"name":"Business Flow: open new account","status":"passed","stage":"finished","steps":[{"name":"Click on Element","status":"passed","stage":"finished","steps":[],"attachments":[],"parameters":[{"name":"elem","value":"[[ChromeDriver: chrome on WINDOWS (3ac03f98cd9b419b5a60633a55a4ef95)] -> xpath: //a[text()='Open New Account']]"}],"start":1634771739062,"stop":1634771740176},{"name":"Update DropDown Element","status":"passed","stage":"finished","steps":[],"attachments":[],"parameters":[{"name":"elem","value":"[[ChromeDriver: chrome on WINDOWS (3ac03f98cd9b419b5a60633a55a4ef95)] -> css selector: select[id='type']]"},{"name":"text","value":"SAVINGS"}],"start":1634771740240,"stop":1634771740832},{"name":"Update DropDown Element","status":"passed","stage":"finished","steps":[],"attachments":[],"parameters":[{"name":"elem","value":"[[ChromeDriver: chrome on WINDOWS (3ac03f98cd9b419b5a60633a55a4ef95)] -> css selector: select[id='fromAccountId']]"},{"name":"text","value":"13344"}],"start":1634771740890,"stop":1634771741411},{"name":"Click on Element","status":"passed","stage":"finished","steps":[],"attachments":[],"parameters":[{"name":"elem","value":"[[ChromeDriver: chrome on WINDOWS (3ac03f98cd9b419b5a60633a55a4ef95)] -> css selector: input[type='submit']]"}],"start":1634771741442,"stop":1634771741875}],"attachments":[],"parameters":[{"name":"account_type","value":"SAVINGS"},{"name":"account_from","value":"13344"}],"start":1634771738993,"stop":1634771741875},{"name":"Verify Number Of Elements","status":"broken","statusDetails":{"known":false,"muted":false,"flaky":false,"message":"-1","trace":"java.lang.ArrayIndexOutOfBoundsException: -1\r\n\tat java.util.ArrayList.elementData(ArrayList.java:422)\r\n\tat java.util.ArrayList.get(ArrayList.java:435)\r\n\tat sun.reflect.NativeMethodAccessorImpl.invoke0(Native Method)\r\n\tat sun.reflect.NativeMethodAccessorImpl.invoke(NativeMethodAccessorImpl.java:62)\r\n\tat sun.reflect.DelegatingMethodAccessorImpl.invoke(DelegatingMethodAccessorImpl.java:43)\r\n\tat java.lang.reflect.Method.invoke(Method.java:498)\r\n\tat org.openqa.selenium.support.pagefactory.internal.LocatingElementListHandler.invoke(LocatingElementListHandler.java:39)\r\n\tat com.sun.proxy.$Proxy13.get(Unknown Source)\r\n\tat extentions.Verifications.verifyNumberOfElements(Verifications.java:26)\r\n\tat sanity.ParaBankWeb.test03_verifyNewAccount(ParaBankWeb.java:41)\r\n\tat sun.reflect.NativeMethodAccessorImpl.invoke0(Native Method)\r\n\tat sun.reflect.NativeMethodAccessorImpl.invoke(NativeMethodAccessorImpl.java:62)\r\n\tat sun.reflect.DelegatingMethodAccessorImpl.invoke(DelegatingMethodAccessorImpl.java:43)\r\n\tat java.lang.reflect.Method.invoke(Method.java:498)\r\n\tat org.testng.internal.MethodInvocationHelper.invokeMethod(MethodInvocationHelper.java:133)\r\n\tat org.testng.internal.TestInvoker.invokeMethod(TestInvoker.java:584)\r\n\tat org.testng.internal.TestInvoker.invokeTestMethod(TestInvoker.java:172)\r\n\tat org.testng.internal.MethodRunner.runInSequence(MethodRunner.java:46)\r\n\tat org.testng.internal.TestInvoker$MethodInvocationAgent.invoke(TestInvoker.java:804)\r\n\tat org.testng.internal.TestInvoker.invokeTestMethods(TestInvoker.java:145)\r\n\tat org.testng.internal.TestMethodWorker.invokeTestMethods(TestMethodWorker.java:146)\r\n\tat org.testng.internal.TestMethodWorker.run(TestMethodWorker.java:128)\r\n\tat java.util.ArrayList.forEach(ArrayList.java:1257)\r\n\tat org.testng.TestRunner.privateRun(TestRunner.java:770)\r\n\tat org.testng.TestRunner.run(TestRunner.java:591)\r\n\tat org.testng.SuiteRunner.runTest(SuiteRunner.java:402)\r\n\tat org.testng.SuiteRunner.runSequentially(SuiteRunner.java:396)\r\n\tat org.testng.SuiteRunner.privateRun(SuiteRunner.java:355)\r\n\tat org.testng.SuiteRunner.run(SuiteRunner.java:304)\r\n\tat org.testng.SuiteRunnerWorker.runSuite(SuiteRunnerWorker.java:53)\r\n\tat org.testng.SuiteRunnerWorker.run(SuiteRunnerWorker.java:96)\r\n\tat org.testng.TestNG.runSuitesSequentially(TestNG.java:1180)\r\n\tat org.testng.TestNG.runSuitesLocally(TestNG.java:1102)\r\n\tat org.testng.TestNG.runSuites(TestNG.java:1032)\r\n\tat org.testng.TestNG.run(TestNG.java:1000)\r\n\tat com.intellij.rt.testng.IDEARemoteTestNG.run(IDEARemoteTestNG.java:66)\r\n\tat com.intellij.rt.testng.RemoteTestNGStarter.main(RemoteTestNGStarter.java:109)\r\n"},"stage":"finished","steps":[],"attachments":[],"parameters":[{"name":"elems","value":"[]"},{"name":"expected","value":"2"}],"start":1634771746952,"stop":1634771757093}],"attachments":[{"name":"Page Screen-Shot","source":"799b66c5-aaf3-4e27-9cef-2a539c608aba-attachment","type":"image/png"}],"parameters":[],"start":1634771738992,"stop":1634771757596,"uuid":"3fdf428a-f17f-4f33-86aa-40b5795bb954","historyId":"c01b5a99287de4a77fcaf93adce37335","fullName":"sanity.ParaBankWeb.test03_verifyNewAccount","labels":[{"name":"package","value":"sanity.ParaBankWeb"},{"name":"testClass","value":"sanity.ParaBankWeb"},{"name":"testMethod","value":"test03_verifyNewAccount"},{"name":"parentSuite","value":"Default Suite"},{"name":"suite","value":"FinalProject"},{"name":"subSuite","value":"sanity.ParaBankWeb"},{"name":"host","value":"DESKTOP-8JCMPK6"},{"name":"thread","value":"5888@DESKTOP-8JCMPK6.main(1)"},{"name":"framework","value":"testng"},{"name":"language","value":"java"}],"links":[]}