{"name":"Test02 - Verify Number Of Accounts","status":"failed","statusDetails":{"known":false,"muted":false,"flaky":false,"message":"expected [1] but found [16]","trace":"java.lang.AssertionError: expected [1] but found [16]\r\n\tat org.testng.Assert.fail(Assert.java:97)\r\n\tat org.testng.Assert.assertEqualsImpl(Assert.java:136)\r\n\tat org.testng.Assert.assertEquals(Assert.java:118)\r\n\tat org.testng.Assert.assertEquals(Assert.java:839)\r\n\tat org.testng.Assert.assertEquals(Assert.java:849)\r\n\tat extentions.Verifications.verifyNumberOfElements(Verifications.java:27)\r\n\tat sanity.ParaBankWeb.test02_verifyNumberOfAccounts(ParaBankWeb.java:33)\r\n\tat sun.reflect.NativeMethodAccessorImpl.invoke0(Native Method)\r\n\tat sun.reflect.NativeMethodAccessorImpl.invoke(NativeMethodAccessorImpl.java:62)\r\n\tat sun.reflect.DelegatingMethodAccessorImpl.invoke(DelegatingMethodAccessorImpl.java:43)\r\n\tat java.lang.reflect.Method.invoke(Method.java:498)\r\n\tat org.testng.internal.MethodInvocationHelper.invokeMethod(MethodInvocationHelper.java:133)\r\n\tat org.testng.internal.TestInvoker.invokeMethod(TestInvoker.java:584)\r\n\tat org.testng.internal.TestInvoker.invokeTestMethod(TestInvoker.java:172)\r\n\tat org.testng.internal.MethodRunner.runInSequence(MethodRunner.java:46)\r\n\tat org.testng.internal.TestInvoker$MethodInvocationAgent.invoke(TestInvoker.java:804)\r\n\tat org.testng.internal.TestInvoker.invokeTestMethods(TestInvoker.java:145)\r\n\tat org.testng.internal.TestMethodWorker.invokeTestMethods(TestMethodWorker.java:146)\r\n\tat org.testng.internal.TestMethodWorker.run(TestMethodWorker.java:128)\r\n\tat java.util.ArrayList.forEach(ArrayList.java:1257)\r\n\tat org.testng.TestRunner.privateRun(TestRunner.java:770)\r\n\tat org.testng.TestRunner.run(TestRunner.java:591)\r\n\tat org.testng.SuiteRunner.runTest(SuiteRunner.java:402)\r\n\tat org.testng.SuiteRunner.runSequentially(SuiteRunner.java:396)\r\n\tat org.testng.SuiteRunner.privateRun(SuiteRunner.java:355)\r\n\tat org.testng.SuiteRunner.run(SuiteRunner.java:304)\r\n\tat org.testng.SuiteRunnerWorker.runSuite(SuiteRunnerWorker.java:53)\r\n\tat org.testng.SuiteRunnerWorker.run(SuiteRunnerWorker.java:96)\r\n\tat org.testng.TestNG.runSuitesSequentially(TestNG.java:1180)\r\n\tat org.testng.TestNG.runSuitesLocally(TestNG.java:1102)\r\n\tat org.testng.TestNG.runSuites(TestNG.java:1032)\r\n\tat org.testng.TestNG.run(TestNG.java:1000)\r\n\tat com.intellij.rt.testng.IDEARemoteTestNG.run(IDEARemoteTestNG.java:66)\r\n\tat com.intellij.rt.testng.RemoteTestNGStarter.main(RemoteTestNGStarter.java:109)\r\n"},"stage":"finished","description":"This Test clicks on accounts overview and verifies the number of accounts","steps":[{"name":"Click on Element","status":"passed","stage":"finished","steps":[],"attachments":[],"parameters":[{"name":"elem","value":"[[ChromeDriver: chrome on WINDOWS (3ac03f98cd9b419b5a60633a55a4ef95)] -> xpath: //a[text()='Accounts Overview']]"}],"start":1634771734950,"stop":1634771736451},{"name":"Verify Number Of Elements","status":"failed","statusDetails":{"known":false,"muted":false,"flaky":false,"message":"expected [1] but found [16]","trace":"java.lang.AssertionError: expected [1] but found [16]\r\n\tat org.testng.Assert.fail(Assert.java:97)\r\n\tat org.testng.Assert.assertEqualsImpl(Assert.java:136)\r\n\tat org.testng.Assert.assertEquals(Assert.java:118)\r\n\tat org.testng.Assert.assertEquals(Assert.java:839)\r\n\tat org.testng.Assert.assertEquals(Assert.java:849)\r\n\tat extentions.Verifications.verifyNumberOfElements(Verifications.java:27)\r\n\tat sanity.ParaBankWeb.test02_verifyNumberOfAccounts(ParaBankWeb.java:33)\r\n\tat sun.reflect.NativeMethodAccessorImpl.invoke0(Native Method)\r\n\tat sun.reflect.NativeMethodAccessorImpl.invoke(NativeMethodAccessorImpl.java:62)\r\n\tat sun.reflect.DelegatingMethodAccessorImpl.invoke(DelegatingMethodAccessorImpl.java:43)\r\n\tat java.lang.reflect.Method.invoke(Method.java:498)\r\n\tat org.testng.internal.MethodInvocationHelper.invokeMethod(MethodInvocationHelper.java:133)\r\n\tat org.testng.internal.TestInvoker.invokeMethod(TestInvoker.java:584)\r\n\tat org.testng.internal.TestInvoker.invokeTestMethod(TestInvoker.java:172)\r\n\tat org.testng.internal.MethodRunner.runInSequence(MethodRunner.java:46)\r\n\tat org.testng.internal.TestInvoker$MethodInvocationAgent.invoke(TestInvoker.java:804)\r\n\tat org.testng.internal.TestInvoker.invokeTestMethods(TestInvoker.java:145)\r\n\tat org.testng.internal.TestMethodWorker.invokeTestMethods(TestMethodWorker.java:146)\r\n\tat org.testng.internal.TestMethodWorker.run(TestMethodWorker.java:128)\r\n\tat java.util.ArrayList.forEach(ArrayList.java:1257)\r\n\tat org.testng.TestRunner.privateRun(TestRunner.java:770)\r\n\tat org.testng.TestRunner.run(TestRunner.java:591)\r\n\tat org.testng.SuiteRunner.runTest(SuiteRunner.java:402)\r\n\tat org.testng.SuiteRunner.runSequentially(SuiteRunner.java:396)\r\n\tat org.testng.SuiteRunner.privateRun(SuiteRunner.java:355)\r\n\tat org.testng.SuiteRunner.run(SuiteRunner.java:304)\r\n\tat org.testng.SuiteRunnerWorker.runSuite(SuiteRunnerWorker.java:53)\r\n\tat org.testng.SuiteRunnerWorker.run(SuiteRunnerWorker.java:96)\r\n\tat org.testng.TestNG.runSuitesSequentially(TestNG.java:1180)\r\n\tat org.testng.TestNG.runSuitesLocally(TestNG.java:1102)\r\n\tat org.testng.TestNG.runSuites(TestNG.java:1032)\r\n\tat org.testng.TestNG.run(TestNG.java:1000)\r\n\tat com.intellij.rt.testng.IDEARemoteTestNG.run(IDEARemoteTestNG.java:66)\r\n\tat com.intellij.rt.testng.RemoteTestNGStarter.main(RemoteTestNGStarter.java:109)\r\n"},"stage":"finished","steps":[],"attachments":[],"parameters":[{"name":"elems","value":"[[[ChromeDriver: chrome on WINDOWS (3ac03f98cd9b419b5a60633a55a4ef95)] -> css selector: tr[ng-repeat='account in accounts']], [[ChromeDriver: chrome on WINDOWS (3ac03f98cd9b419b5a60633a55a4ef95)] -> css selector: tr[ng-repeat='account in accounts']], [[ChromeDriver: chrome on WINDOWS (3ac03f98cd9b419b5a60633a55a4ef95)] -> css selector: tr[ng-repeat='account in accounts']], [[ChromeDriver: chrome on WINDOWS (3ac03f98cd9b419b5a60633a55a4ef95)] -> css selector: tr[ng-repeat='account in accounts']], [[ChromeDriver: chrome on WINDOWS (3ac03f98cd9b419b5a60633a55a4ef95)] -> css selector: tr[ng-repeat='account in accounts']], [[ChromeDriver: chrome on WINDOWS (3ac03f98cd9b419b5a60633a55a4ef95)] -> css selector: tr[ng-repeat='account in accounts']], [[ChromeDriver: chrome on WINDOWS (3ac03f98cd9b419b5a60633a55a4ef95)] -> css selector: tr[ng-repeat='account in accounts']], [[ChromeDriver: chrome on WINDOWS (3ac03f98cd9b419b5a60633a55a4ef95)] -> css selector: tr[ng-repeat='account in accounts']], [[ChromeDriver: chrome on WINDOWS (3ac03f98cd9b419b5a60633a55a4ef95)] -> css selector: tr[ng-repeat='account in accounts']], [[ChromeDriver: chrome on WINDOWS (3ac03f98cd9b419b5a60633a55a4ef95)] -> css selector: tr[ng-repeat='account in accounts']], [[ChromeDriver: chrome on WINDOWS (3ac03f98cd9b419b5a60633a55a4ef95)] -> css selector: tr[ng-repeat='account in accounts']], [[ChromeDriver: chrome on WINDOWS (3ac03f98cd9b419b5a60633a55a4ef95)] -> css selector: tr[ng-repeat='account in accounts']], [[ChromeDriver: chrome on WINDOWS (3ac03f98cd9b419b5a60633a55a4ef95)] -> css selector: tr[ng-repeat='account in accounts']], [[ChromeDriver: chrome on WINDOWS (3ac03f98cd9b419b5a60633a55a4ef95)] -> css selector: tr[ng-repeat='account in accounts']], [[ChromeDriver: chrome on WINDOWS (3ac03f98cd9b419b5a60633a55a4ef95)] -> css selector: tr[ng-repeat='account in accounts']], [[ChromeDriver: chrome on WINDOWS (3ac03f98cd9b419b5a60633a55a4ef95)] -> css selector: tr[ng-repeat='account in accounts']]]"},{"name":"expected","value":"1"}],"start":1634771736727,"stop":1634771736929}],"attachments":[{"name":"Page Screen-Shot","source":"2770ab89-01a7-49de-8f72-0f3b0844f0a2-attachment","type":"image/png"}],"parameters":[],"start":1634771734855,"stop":1634771737551,"uuid":"62dce5d8-ce71-4487-a38d-97dea67d094e","historyId":"c6c01cd4c4e3100a2e0a9d1cdee24419","fullName":"sanity.ParaBankWeb.test02_verifyNumberOfAccounts","labels":[{"name":"package","value":"sanity.ParaBankWeb"},{"name":"testClass","value":"sanity.ParaBankWeb"},{"name":"testMethod","value":"test02_verifyNumberOfAccounts"},{"name":"parentSuite","value":"Default Suite"},{"name":"suite","value":"FinalProject"},{"name":"subSuite","value":"sanity.ParaBankWeb"},{"name":"host","value":"DESKTOP-8JCMPK6"},{"name":"thread","value":"5888@DESKTOP-8JCMPK6.main(1)"},{"name":"framework","value":"testng"},{"name":"language","value":"java"}],"links":[]}