{"name":"Test03 - Update Team And Verify","status":"failed","statusDetails":{"known":false,"muted":false,"flaky":false,"message":"expected [New@gmail.com] but found [New@ayah.com]","trace":"java.lang.AssertionError: expected [New@gmail.com] but found [New@ayah.com]\r\n\tat org.testng.Assert.fail(Assert.java:97)\r\n\tat org.testng.Assert.assertEqualsImpl(Assert.java:136)\r\n\tat org.testng.Assert.assertEquals(Assert.java:118)\r\n\tat org.testng.Assert.assertEquals(Assert.java:575)\r\n\tat org.testng.Assert.assertEquals(Assert.java:585)\r\n\tat extentions.Verifications.verifyText(Verifications.java:63)\r\n\tat sanity.GrafanaAPI.test03_updateTeamAndVerify(GrafanaAPI.java:35)\r\n\tat sun.reflect.NativeMethodAccessorImpl.invoke0(Native Method)\r\n\tat sun.reflect.NativeMethodAccessorImpl.invoke(NativeMethodAccessorImpl.java:62)\r\n\tat sun.reflect.DelegatingMethodAccessorImpl.invoke(DelegatingMethodAccessorImpl.java:43)\r\n\tat java.lang.reflect.Method.invoke(Method.java:498)\r\n\tat org.testng.internal.MethodInvocationHelper.invokeMethod(MethodInvocationHelper.java:133)\r\n\tat org.testng.internal.TestInvoker.invokeMethod(TestInvoker.java:584)\r\n\tat org.testng.internal.TestInvoker.invokeTestMethod(TestInvoker.java:172)\r\n\tat org.testng.internal.MethodRunner.runInSequence(MethodRunner.java:46)\r\n\tat org.testng.internal.TestInvoker$MethodInvocationAgent.invoke(TestInvoker.java:804)\r\n\tat org.testng.internal.TestInvoker.invokeTestMethods(TestInvoker.java:145)\r\n\tat org.testng.internal.TestMethodWorker.invokeTestMethods(TestMethodWorker.java:146)\r\n\tat org.testng.internal.TestMethodWorker.run(TestMethodWorker.java:128)\r\n\tat java.util.ArrayList.forEach(ArrayList.java:1257)\r\n\tat org.testng.TestRunner.privateRun(TestRunner.java:770)\r\n\tat org.testng.TestRunner.run(TestRunner.java:591)\r\n\tat org.testng.SuiteRunner.runTest(SuiteRunner.java:402)\r\n\tat org.testng.SuiteRunner.runSequentially(SuiteRunner.java:396)\r\n\tat org.testng.SuiteRunner.privateRun(SuiteRunner.java:355)\r\n\tat org.testng.SuiteRunner.run(SuiteRunner.java:304)\r\n\tat org.testng.SuiteRunnerWorker.runSuite(SuiteRunnerWorker.java:53)\r\n\tat org.testng.SuiteRunnerWorker.run(SuiteRunnerWorker.java:96)\r\n\tat org.testng.TestNG.runSuitesSequentially(TestNG.java:1180)\r\n\tat org.testng.TestNG.runSuitesLocally(TestNG.java:1102)\r\n\tat org.testng.TestNG.runSuites(TestNG.java:1032)\r\n\tat org.testng.TestNG.run(TestNG.java:1000)\r\n\tat com.intellij.rt.testng.IDEARemoteTestNG.run(IDEARemoteTestNG.java:66)\r\n\tat com.intellij.rt.testng.RemoteTestNGStarter.main(RemoteTestNGStarter.java:109)\r\n"},"stage":"finished","description":"This Test Updates a Team and Verifies","steps":[{"name":"Business Flow: Get Team Property","status":"passed","stage":"finished","steps":[{"name":"Get Data From Server","status":"passed","stage":"finished","steps":[],"attachments":[],"parameters":[{"name":"paramValues","value":"/api/teams/search"}],"start":1634921553378,"stop":1634921562377},{"name":"Extract Value From JSON Format","status":"passed","stage":"finished","steps":[],"attachments":[],"parameters":[{"name":"response","value":"io.restassured.internal.RestAssuredResponseImpl@6d969330"},{"name":"path","value":"teams[0].id"}],"start":1634921562379,"stop":1634921566670}],"attachments":[],"parameters":[{"name":"jPath","value":"teams[0].id"}],"start":1634921553343,"stop":1634921566670},{"name":"Business Flow: Update Existing Team in Grafana","status":"passed","stage":"finished","steps":[{"name":"Update Data in Server","status":"passed","stage":"finished","steps":[],"attachments":[],"parameters":[{"name":"params","value":"{\"name\":\"NewTeam\",\"email\":\"New@ayah.com\"}"},{"name":"resource","value":"/api/teams/9"}],"start":1634921566691,"stop":1634921567495}],"attachments":[],"parameters":[{"name":"name","value":"NewTeam"},{"name":"email","value":"New@ayah.com"},{"name":"id","value":"9"}],"start":1634921566679,"stop":1634921567495},{"name":"Business Flow: Get Team Property","status":"passed","stage":"finished","steps":[{"name":"Get Data From Server","status":"passed","stage":"finished","steps":[],"attachments":[],"parameters":[{"name":"paramValues","value":"/api/teams/search"}],"start":1634921567496,"stop":1634921567692},{"name":"Extract Value From JSON Format","status":"passed","stage":"finished","steps":[],"attachments":[],"parameters":[{"name":"response","value":"io.restassured.internal.RestAssuredResponseImpl@5ca22e19"},{"name":"path","value":"teams[0].email"}],"start":1634921567693,"stop":1634921567756}],"attachments":[],"parameters":[{"name":"jPath","value":"teams[0].email"}],"start":1634921567496,"stop":1634921567756},{"name":"Verify If Text is Equal to Text","status":"failed","statusDetails":{"known":false,"muted":false,"flaky":false,"message":"expected [New@gmail.com] but found [New@ayah.com]","trace":"java.lang.AssertionError: expected [New@gmail.com] but found [New@ayah.com]\r\n\tat org.testng.Assert.fail(Assert.java:97)\r\n\tat org.testng.Assert.assertEqualsImpl(Assert.java:136)\r\n\tat org.testng.Assert.assertEquals(Assert.java:118)\r\n\tat org.testng.Assert.assertEquals(Assert.java:575)\r\n\tat org.testng.Assert.assertEquals(Assert.java:585)\r\n\tat extentions.Verifications.verifyText(Verifications.java:63)\r\n\tat sanity.GrafanaAPI.test03_updateTeamAndVerify(GrafanaAPI.java:35)\r\n\tat sun.reflect.NativeMethodAccessorImpl.invoke0(Native Method)\r\n\tat sun.reflect.NativeMethodAccessorImpl.invoke(NativeMethodAccessorImpl.java:62)\r\n\tat sun.reflect.DelegatingMethodAccessorImpl.invoke(DelegatingMethodAccessorImpl.java:43)\r\n\tat java.lang.reflect.Method.invoke(Method.java:498)\r\n\tat org.testng.internal.MethodInvocationHelper.invokeMethod(MethodInvocationHelper.java:133)\r\n\tat org.testng.internal.TestInvoker.invokeMethod(TestInvoker.java:584)\r\n\tat org.testng.internal.TestInvoker.invokeTestMethod(TestInvoker.java:172)\r\n\tat org.testng.internal.MethodRunner.runInSequence(MethodRunner.java:46)\r\n\tat org.testng.internal.TestInvoker$MethodInvocationAgent.invoke(TestInvoker.java:804)\r\n\tat org.testng.internal.TestInvoker.invokeTestMethods(TestInvoker.java:145)\r\n\tat org.testng.internal.TestMethodWorker.invokeTestMethods(TestMethodWorker.java:146)\r\n\tat org.testng.internal.TestMethodWorker.run(TestMethodWorker.java:128)\r\n\tat java.util.ArrayList.forEach(ArrayList.java:1257)\r\n\tat org.testng.TestRunner.privateRun(TestRunner.java:770)\r\n\tat org.testng.TestRunner.run(TestRunner.java:591)\r\n\tat org.testng.SuiteRunner.runTest(SuiteRunner.java:402)\r\n\tat org.testng.SuiteRunner.runSequentially(SuiteRunner.java:396)\r\n\tat org.testng.SuiteRunner.privateRun(SuiteRunner.java:355)\r\n\tat org.testng.SuiteRunner.run(SuiteRunner.java:304)\r\n\tat org.testng.SuiteRunnerWorker.runSuite(SuiteRunnerWorker.java:53)\r\n\tat org.testng.SuiteRunnerWorker.run(SuiteRunnerWorker.java:96)\r\n\tat org.testng.TestNG.runSuitesSequentially(TestNG.java:1180)\r\n\tat org.testng.TestNG.runSuitesLocally(TestNG.java:1102)\r\n\tat org.testng.TestNG.runSuites(TestNG.java:1032)\r\n\tat org.testng.TestNG.run(TestNG.java:1000)\r\n\tat com.intellij.rt.testng.IDEARemoteTestNG.run(IDEARemoteTestNG.java:66)\r\n\tat com.intellij.rt.testng.RemoteTestNGStarter.main(RemoteTestNGStarter.java:109)\r\n"},"stage":"finished","steps":[],"attachments":[],"parameters":[{"name":"actual","value":"New@ayah.com"},{"name":"expected","value":"New@gmail.com"}],"start":1634921567879,"stop":1634921567905}],"attachments":[],"parameters":[],"start":1634921552705,"stop":1634921568011,"uuid":"777d4f1f-e223-4c4a-bd65-0d8786d7b69f","historyId":"8b6e60cf4e9ecaf9d054b833847d9cb9","fullName":"sanity.GrafanaAPI.test03_updateTeamAndVerify","labels":[{"name":"package","value":"sanity.GrafanaAPI"},{"name":"testClass","value":"sanity.GrafanaAPI"},{"name":"testMethod","value":"test03_updateTeamAndVerify"},{"name":"parentSuite","value":"Default Suite"},{"name":"suite","value":"FinalProject"},{"name":"subSuite","value":"sanity.GrafanaAPI"},{"name":"host","value":"DESKTOP-8JCMPK6"},{"name":"thread","value":"6208@DESKTOP-8JCMPK6.main(1)"},{"name":"framework","value":"testng"},{"name":"language","value":"java"}],"links":[]}